0 info it worked if it ends with ok
1 verbose cli [ '/usr/local/bin/node',
1 verbose cli   '/usr/local/bin/npm',
1 verbose cli   'install',
1 verbose cli   '--save',
1 verbose cli   'context-blender' ]
2 info using npm@2.14.20
3 info using node@v4.4.0
4 verbose install initial load of /Users/eleanorweigert/Desktop/Hook/spotlight/package.json
5 verbose installManyTop reading scoped package data from /Users/eleanorweigert/Desktop/Hook/spotlight/node_modules/canvas/package.json
6 verbose readDependencies loading dependencies from /Users/eleanorweigert/Desktop/Hook/spotlight/package.json
7 silly cache add args [ 'context-blender', null ]
8 verbose cache add spec context-blender
9 silly cache add parsed spec Result {
9 silly cache add   raw: 'context-blender',
9 silly cache add   scope: null,
9 silly cache add   name: 'context-blender',
9 silly cache add   rawSpec: '',
9 silly cache add   spec: 'latest',
9 silly cache add   type: 'tag' }
10 silly addNamed context-blender@latest
11 verbose addNamed "latest" is being treated as a dist-tag for context-blender
12 info addNameTag [ 'context-blender', 'latest' ]
13 silly mapToRegistry name context-blender
14 silly mapToRegistry using default registry
15 silly mapToRegistry registry https://registry.npmjs.org/
16 silly mapToRegistry uri https://registry.npmjs.org/context-blender
17 verbose addNameTag registry:https://registry.npmjs.org/context-blender not in flight; fetching
18 verbose request uri https://registry.npmjs.org/context-blender
19 verbose request no auth needed
20 info attempt registry request try #1 at 4:01:03 PM
21 verbose request id afda1270add8359b
22 verbose etag "9CJF350YT48YB8LDRRRNSZEWQ"
23 http request GET https://registry.npmjs.org/context-blender
24 http 304 https://registry.npmjs.org/context-blender
25 verbose headers { date: 'Fri, 15 Jul 2016 23:01:03 GMT',
25 verbose headers   via: '1.1 varnish',
25 verbose headers   'cache-control': 'max-age=300',
25 verbose headers   etag: '"9CJF350YT48YB8LDRRRNSZEWQ"',
25 verbose headers   age: '0',
25 verbose headers   connection: 'keep-alive',
25 verbose headers   'x-served-by': 'cache-sea1927-SEA',
25 verbose headers   'x-cache': 'HIT',
25 verbose headers   'x-cache-hits': '1',
25 verbose headers   'x-timer': 'S1468623663.435518,VS0,VE360',
25 verbose headers   vary: 'Accept-Encoding' }
26 silly get cb [ 304,
26 silly get   { date: 'Fri, 15 Jul 2016 23:01:03 GMT',
26 silly get     via: '1.1 varnish',
26 silly get     'cache-control': 'max-age=300',
26 silly get     etag: '"9CJF350YT48YB8LDRRRNSZEWQ"',
26 silly get     age: '0',
26 silly get     connection: 'keep-alive',
26 silly get     'x-served-by': 'cache-sea1927-SEA',
26 silly get     'x-cache': 'HIT',
26 silly get     'x-cache-hits': '1',
26 silly get     'x-timer': 'S1468623663.435518,VS0,VE360',
26 silly get     vary: 'Accept-Encoding' } ]
27 verbose etag https://registry.npmjs.org/context-blender from cache
28 verbose get saving context-blender to /Users/eleanorweigert/.npm/registry.npmjs.org/context-blender/.cache.json
29 verbose correctMkdir /Users/eleanorweigert/.npm correctMkdir not in flight; initializing
30 silly addNameTag next cb for context-blender with tag latest
31 silly addNamed context-blender@1.3.3
32 verbose addNamed "1.3.3" is a plain semver version for context-blender
33 silly cache afterAdd context-blender@1.3.3
34 verbose afterAdd /Users/eleanorweigert/.npm/context-blender/1.3.3/package/package.json not in flight; writing
35 verbose correctMkdir /Users/eleanorweigert/.npm correctMkdir not in flight; initializing
36 verbose afterAdd /Users/eleanorweigert/.npm/context-blender/1.3.3/package/package.json written
37 silly install resolved [ { name: 'context-blender',
37 silly install resolved     version: '1.3.3',
37 silly install resolved     description: 'Photoshop-style blend modes for HTML Canvas Contexts',
37 silly install resolved     author:
37 silly install resolved      { name: 'Gavin Kistner',
37 silly install resolved        email: '!@phrogz.net',
37 silly install resolved        url: 'http://phrogz.net/' },
37 silly install resolved     main: 'context_blender.js',
37 silly install resolved     repository:
37 silly install resolved      { type: 'git',
37 silly install resolved        url: 'git+https://github.com/Phrogz/context-blender.git' },
37 silly install resolved     bugs: { url: 'http://github.com/Phrogz/context-blender/issues' },
37 silly install resolved     license: 'MIT',
37 silly install resolved     dependencies: { canvas: '~1.1' },
37 silly install resolved     devDependencies: { sprintf: '~0.1' },
37 silly install resolved     keywords:
37 silly install resolved      [ 'html5',
37 silly install resolved        'canvas',
37 silly install resolved        'photoshop',
37 silly install resolved        'layer',
37 silly install resolved        'context',
37 silly install resolved        'src-over',
37 silly install resolved        'screen',
37 silly install resolved        'multiply',
37 silly install resolved        'difference',
37 silly install resolved        'src-in',
37 silly install resolved        'overlay',
37 silly install resolved        'hardlight',
37 silly install resolved        'colordodge',
37 silly install resolved        'dodge',
37 silly install resolved        'colorburn',
37 silly install resolved        'burn',
37 silly install resolved        'darken',
37 silly install resolved        'darker',
37 silly install resolved        'lighten',
37 silly install resolved        'lighter',
37 silly install resolved        'exclusion',
37 silly install resolved        'softlight',
37 silly install resolved        'luminosity',
37 silly install resolved        'color',
37 silly install resolved        'hue',
37 silly install resolved        'saturation',
37 silly install resolved        'lightercolor',
37 silly install resolved        'darkercolor' ],
37 silly install resolved     gitHead: 'ead38b74e40da50598ac246a0ec64f6af7eb4ebd',
37 silly install resolved     homepage: 'https://github.com/Phrogz/context-blender',
37 silly install resolved     _id: 'context-blender@1.3.3',
37 silly install resolved     scripts: {},
37 silly install resolved     _shasum: '80ee8b067ab47f85ebd96398f0af1a206bb7082a',
37 silly install resolved     _from: 'context-blender@latest',
37 silly install resolved     _npmVersion: '1.4.28',
37 silly install resolved     _npmUser: { name: 'phrogz', email: '!@phrogz.net' },
37 silly install resolved     maintainers: [ [Object] ],
37 silly install resolved     dist:
37 silly install resolved      { shasum: '80ee8b067ab47f85ebd96398f0af1a206bb7082a',
37 silly install resolved        tarball: 'https://registry.npmjs.org/context-blender/-/context-blender-1.3.3.tgz' },
37 silly install resolved     directories: {},
37 silly install resolved     _resolved: 'https://registry.npmjs.org/context-blender/-/context-blender-1.3.3.tgz',
37 silly install resolved     readme: 'ERROR: No README data found!' } ]
38 info install context-blender@1.3.3 into /Users/eleanorweigert/Desktop/Hook/spotlight
39 info installOne context-blender@1.3.3
40 verbose installOne of context-blender to /Users/eleanorweigert/Desktop/Hook/spotlight not in flight; installing
41 verbose correctMkdir /Users/eleanorweigert/.npm/_locks correctMkdir not in flight; initializing
42 verbose lock using /Users/eleanorweigert/.npm/_locks/context-blender-bbe3fdf632819ca3.lock for /Users/eleanorweigert/Desktop/Hook/spotlight/node_modules/context-blender
43 silly install write writing context-blender 1.3.3 to /Users/eleanorweigert/Desktop/Hook/spotlight/node_modules/context-blender
44 verbose unbuild node_modules/context-blender
45 silly gentlyRm /Users/eleanorweigert/Desktop/Hook/spotlight/node_modules/context-blender is being purged from base /Users/eleanorweigert/Desktop/Hook/spotlight
46 verbose gentlyRm don't care about contents; nuking /Users/eleanorweigert/Desktop/Hook/spotlight/node_modules/context-blender
47 verbose tar unpack /Users/eleanorweigert/.npm/context-blender/1.3.3/package.tgz
48 verbose tar unpacking to /Users/eleanorweigert/Desktop/Hook/spotlight/node_modules/context-blender
49 silly gentlyRm /Users/eleanorweigert/Desktop/Hook/spotlight/node_modules/context-blender is being purged
50 verbose gentlyRm don't care about contents; nuking /Users/eleanorweigert/Desktop/Hook/spotlight/node_modules/context-blender
51 silly gunzTarPerm modes [ '755', '644' ]
52 silly gunzTarPerm extractEntry package.json
53 silly gunzTarPerm modified mode [ 'package.json', 438, 420 ]
54 silly gunzTarPerm extractEntry .npmignore
55 silly gunzTarPerm modified mode [ '.npmignore', 438, 420 ]
56 silly gunzTarPerm extractEntry README.md
57 silly gunzTarPerm modified mode [ 'README.md', 438, 420 ]
58 silly gunzTarPerm extractEntry LICENSE
59 silly gunzTarPerm modified mode [ 'LICENSE', 438, 420 ]
60 silly gunzTarPerm extractEntry context_blender.js
61 silly gunzTarPerm modified mode [ 'context_blender.js', 438, 420 ]
62 silly gunzTarPerm extractEntry test/run_tests.js
63 silly gunzTarPerm modified mode [ 'test/run_tests.js', 438, 420 ]
64 silly gunzTarPerm extractEntry test/lightercolor-actual.png
65 silly gunzTarPerm modified mode [ 'test/lightercolor-actual.png', 438, 420 ]
66 silly gunzTarPerm extractEntry test/color-actual.png
67 silly gunzTarPerm modified mode [ 'test/color-actual.png', 438, 420 ]
68 silly gunzTarPerm extractEntry test/color-ideal.png
69 silly gunzTarPerm modified mode [ 'test/color-ideal.png', 438, 420 ]
70 silly gunzTarPerm extractEntry test/colorburn-actual.png
71 silly gunzTarPerm modified mode [ 'test/colorburn-actual.png', 438, 420 ]
72 silly gunzTarPerm extractEntry test/colorburn-ideal.png
73 silly gunzTarPerm modified mode [ 'test/colorburn-ideal.png', 438, 420 ]
74 silly gunzTarPerm extractEntry test/colordodge-actual.png
75 silly gunzTarPerm modified mode [ 'test/colordodge-actual.png', 438, 420 ]
76 silly gunzTarPerm extractEntry test/colordodge-ideal.png
77 silly gunzTarPerm modified mode [ 'test/colordodge-ideal.png', 438, 420 ]
78 silly gunzTarPerm extractEntry test/darken-actual.png
79 silly gunzTarPerm modified mode [ 'test/darken-actual.png', 438, 420 ]
80 silly gunzTarPerm extractEntry test/darken-ideal.png
81 silly gunzTarPerm modified mode [ 'test/darken-ideal.png', 438, 420 ]
82 silly gunzTarPerm extractEntry test/darkercolor-actual.png
83 silly gunzTarPerm modified mode [ 'test/darkercolor-actual.png', 438, 420 ]
84 silly gunzTarPerm extractEntry test/darkercolor-ideal.png
85 silly gunzTarPerm modified mode [ 'test/darkercolor-ideal.png', 438, 420 ]
86 silly gunzTarPerm extractEntry test/derive_alpha.rb
87 silly gunzTarPerm modified mode [ 'test/derive_alpha.rb', 438, 420 ]
88 silly gunzTarPerm extractEntry test/difference-actual.png
89 silly gunzTarPerm modified mode [ 'test/difference-actual.png', 438, 420 ]
90 silly gunzTarPerm extractEntry test/difference-ideal.png
91 silly gunzTarPerm modified mode [ 'test/difference-ideal.png', 438, 420 ]
92 silly gunzTarPerm extractEntry test/exclusion-actual.png
93 silly gunzTarPerm modified mode [ 'test/exclusion-actual.png', 438, 420 ]
94 silly gunzTarPerm extractEntry test/exclusion-ideal.png
95 silly gunzTarPerm modified mode [ 'test/exclusion-ideal.png', 438, 420 ]
96 silly gunzTarPerm extractEntry test/hardlight-actual.png
97 silly gunzTarPerm modified mode [ 'test/hardlight-actual.png', 438, 420 ]
98 silly gunzTarPerm extractEntry test/hardlight-ideal.png
99 silly gunzTarPerm modified mode [ 'test/hardlight-ideal.png', 438, 420 ]
100 silly gunzTarPerm extractEntry test/hue-actual.png
101 silly gunzTarPerm modified mode [ 'test/hue-actual.png', 438, 420 ]
102 silly gunzTarPerm extractEntry test/hue-ideal.png
103 silly gunzTarPerm modified mode [ 'test/hue-ideal.png', 438, 420 ]
104 silly gunzTarPerm extractEntry test/lighten-actual.png
105 silly gunzTarPerm modified mode [ 'test/lighten-actual.png', 438, 420 ]
106 silly gunzTarPerm extractEntry test/lighten-ideal.png
107 silly gunzTarPerm modified mode [ 'test/lighten-ideal.png', 438, 420 ]
108 silly gunzTarPerm extractEntry test/add-ideal.png
109 silly gunzTarPerm modified mode [ 'test/add-ideal.png', 438, 420 ]
110 silly gunzTarPerm extractEntry test/lightercolor-ideal.png
111 silly gunzTarPerm modified mode [ 'test/lightercolor-ideal.png', 438, 420 ]
112 silly gunzTarPerm extractEntry test/luminosity-actual.png
113 silly gunzTarPerm modified mode [ 'test/luminosity-actual.png', 438, 420 ]
114 silly gunzTarPerm extractEntry test/luminosity-ideal.png
115 silly gunzTarPerm modified mode [ 'test/luminosity-ideal.png', 438, 420 ]
116 silly gunzTarPerm extractEntry test/multiply-actual.png
117 silly gunzTarPerm modified mode [ 'test/multiply-actual.png', 438, 420 ]
118 silly gunzTarPerm extractEntry test/multiply-ideal.png
119 silly gunzTarPerm modified mode [ 'test/multiply-ideal.png', 438, 420 ]
120 silly gunzTarPerm extractEntry test/normal-actual.png
121 silly gunzTarPerm modified mode [ 'test/normal-actual.png', 438, 420 ]
122 silly gunzTarPerm extractEntry test/normal-ideal.png
123 silly gunzTarPerm modified mode [ 'test/normal-ideal.png', 438, 420 ]
124 silly gunzTarPerm extractEntry test/over.png
125 silly gunzTarPerm modified mode [ 'test/over.png', 438, 420 ]
126 silly gunzTarPerm extractEntry test/overlay-actual.png
127 silly gunzTarPerm modified mode [ 'test/overlay-actual.png', 438, 420 ]
128 silly gunzTarPerm extractEntry test/overlay-ideal.png
129 silly gunzTarPerm modified mode [ 'test/overlay-ideal.png', 438, 420 ]
130 silly gunzTarPerm extractEntry test/results.txt
131 silly gunzTarPerm modified mode [ 'test/results.txt', 438, 420 ]
132 silly gunzTarPerm extractEntry test/run_tests.html
133 silly gunzTarPerm modified mode [ 'test/run_tests.html', 438, 420 ]
134 silly gunzTarPerm extractEntry test/add-actual.png
135 silly gunzTarPerm modified mode [ 'test/add-actual.png', 438, 420 ]
136 silly gunzTarPerm extractEntry test/saturation-actual.png
137 silly gunzTarPerm modified mode [ 'test/saturation-actual.png', 438, 420 ]
138 silly gunzTarPerm extractEntry test/saturation-ideal.png
139 silly gunzTarPerm modified mode [ 'test/saturation-ideal.png', 438, 420 ]
140 silly gunzTarPerm extractEntry test/screen-actual.png
141 silly gunzTarPerm modified mode [ 'test/screen-actual.png', 438, 420 ]
142 silly gunzTarPerm extractEntry test/screen-ideal.png
143 silly gunzTarPerm modified mode [ 'test/screen-ideal.png', 438, 420 ]
144 silly gunzTarPerm extractEntry test/softlight-actual.png
145 silly gunzTarPerm modified mode [ 'test/softlight-actual.png', 438, 420 ]
146 silly gunzTarPerm extractEntry test/softlight-ideal.png
147 silly gunzTarPerm modified mode [ 'test/softlight-ideal.png', 438, 420 ]
148 silly gunzTarPerm extractEntry test/src-in-actual.png
149 silly gunzTarPerm modified mode [ 'test/src-in-actual.png', 438, 420 ]
150 silly gunzTarPerm extractEntry test/src-in-ideal.png
151 silly gunzTarPerm modified mode [ 'test/src-in-ideal.png', 438, 420 ]
152 silly gunzTarPerm extractEntry test/under.png
153 silly gunzTarPerm modified mode [ 'test/under.png', 438, 420 ]
154 verbose write writing to /Users/eleanorweigert/Desktop/Hook/spotlight/node_modules/context-blender/package.json
155 info preinstall context-blender@1.3.3
156 verbose readDependencies loading dependencies from /Users/eleanorweigert/Desktop/Hook/spotlight/node_modules/context-blender/package.json
157 silly prepareForInstallMany adding canvas@~1.1 from context-blender dependencies
158 verbose readDependencies loading dependencies from /Users/eleanorweigert/Desktop/Hook/spotlight/node_modules/context-blender/package.json
159 silly cache add args [ 'canvas@~1.1', null ]
160 verbose cache add spec canvas@~1.1
161 silly cache add parsed spec Result {
161 silly cache add   raw: 'canvas@~1.1',
161 silly cache add   scope: null,
161 silly cache add   name: 'canvas',
161 silly cache add   rawSpec: '~1.1',
161 silly cache add   spec: '>=1.1.0 <1.2.0',
161 silly cache add   type: 'range' }
162 silly addNamed canvas@>=1.1.0 <1.2.0
163 verbose addNamed ">=1.1.0 <1.2.0" is a valid semver range for canvas
164 silly addNameRange { name: 'canvas', range: '>=1.1.0 <1.2.0', hasData: false }
165 silly mapToRegistry name canvas
166 silly mapToRegistry using default registry
167 silly mapToRegistry registry https://registry.npmjs.org/
168 silly mapToRegistry uri https://registry.npmjs.org/canvas
169 verbose addNameRange registry:https://registry.npmjs.org/canvas not in flight; fetching
170 verbose request uri https://registry.npmjs.org/canvas
171 verbose request no auth needed
172 info attempt registry request try #1 at 4:01:03 PM
173 verbose etag "8K73GG0V7TO7N3T6POE5AE0D6"
174 http request GET https://registry.npmjs.org/canvas
175 http 304 https://registry.npmjs.org/canvas
176 verbose headers { date: 'Fri, 15 Jul 2016 23:01:04 GMT',
176 verbose headers   via: '1.1 varnish',
176 verbose headers   'cache-control': 'max-age=300',
176 verbose headers   etag: '"8K73GG0V7TO7N3T6POE5AE0D6"',
176 verbose headers   age: '265',
176 verbose headers   connection: 'keep-alive',
176 verbose headers   'x-served-by': 'cache-sea1921-SEA',
176 verbose headers   'x-cache': 'HIT',
176 verbose headers   'x-cache-hits': '1',
176 verbose headers   'x-timer': 'S1468623664.072173,VS0,VE0',
176 verbose headers   vary: 'Accept-Encoding' }
177 silly get cb [ 304,
177 silly get   { date: 'Fri, 15 Jul 2016 23:01:04 GMT',
177 silly get     via: '1.1 varnish',
177 silly get     'cache-control': 'max-age=300',
177 silly get     etag: '"8K73GG0V7TO7N3T6POE5AE0D6"',
177 silly get     age: '265',
177 silly get     connection: 'keep-alive',
177 silly get     'x-served-by': 'cache-sea1921-SEA',
177 silly get     'x-cache': 'HIT',
177 silly get     'x-cache-hits': '1',
177 silly get     'x-timer': 'S1468623664.072173,VS0,VE0',
177 silly get     vary: 'Accept-Encoding' } ]
178 verbose etag https://registry.npmjs.org/canvas from cache
179 verbose get saving canvas to /Users/eleanorweigert/.npm/registry.npmjs.org/canvas/.cache.json
180 verbose correctMkdir /Users/eleanorweigert/.npm correctMkdir not in flight; initializing
181 silly addNameRange number 2 { name: 'canvas', range: '>=1.1.0 <1.2.0', hasData: true }
182 silly addNameRange versions [ 'canvas',
182 silly addNameRange   [ '0.0.1',
182 silly addNameRange     '0.0.2',
182 silly addNameRange     '0.0.3',
182 silly addNameRange     '0.0.4',
182 silly addNameRange     '0.0.5',
182 silly addNameRange     '0.0.6',
182 silly addNameRange     '0.0.7',
182 silly addNameRange     '0.0.8',
182 silly addNameRange     '0.1.0',
182 silly addNameRange     '0.2.0',
182 silly addNameRange     '0.2.1',
182 silly addNameRange     '0.3.0',
182 silly addNameRange     '0.3.1',
182 silly addNameRange     '0.3.2',
182 silly addNameRange     '0.3.3',
182 silly addNameRange     '0.4.0',
182 silly addNameRange     '0.4.1',
182 silly addNameRange     '0.4.2',
182 silly addNameRange     '0.4.3',
182 silly addNameRange     '0.5.0',
182 silly addNameRange     '0.5.1',
182 silly addNameRange     '0.5.2',
182 silly addNameRange     '0.5.3',
182 silly addNameRange     '0.5.4',
182 silly addNameRange     '0.6.0',
182 silly addNameRange     '0.7.0',
182 silly addNameRange     '0.7.1',
182 silly addNameRange     '0.7.2',
182 silly addNameRange     '0.7.3',
182 silly addNameRange     '0.8.0',
182 silly addNameRange     '0.8.1',
182 silly addNameRange     '0.8.2',
182 silly addNameRange     '0.8.3',
182 silly addNameRange     '0.9.0',
182 silly addNameRange     '0.10.0',
182 silly addNameRange     '0.10.1',
182 silly addNameRange     '0.10.2',
182 silly addNameRange     '0.10.3',
182 silly addNameRange     '0.11.0',
182 silly addNameRange     '0.11.1',
182 silly addNameRange     '0.11.2',
182 silly addNameRange     '0.11.3',
182 silly addNameRange     '0.12.0',
182 silly addNameRange     '0.12.1',
182 silly addNameRange     '0.13.0',
182 silly addNameRange     '0.13.1',
182 silly addNameRange     '1.0.0',
182 silly addNameRange     '1.0.1',
182 silly addNameRange     '1.0.2',
182 silly addNameRange     '1.0.3',
182 silly addNameRange     '1.0.4',
182 silly addNameRange     '1.1.0',
182 silly addNameRange     '1.1.1',
182 silly addNameRange     '1.1.2',
182 silly addNameRange     '1.1.3',
182 silly addNameRange     '1.1.4',
182 silly addNameRange     '1.1.5',
182 silly addNameRange     '1.1.6',
182 silly addNameRange     '1.2.0',
182 silly addNameRange     '1.2.1',
182 silly addNameRange     '1.2.2',
182 silly addNameRange     '1.2.3',
182 silly addNameRange     '1.2.4',
182 silly addNameRange     '1.2.5',
182 silly addNameRange     '1.2.6',
182 silly addNameRange     '1.2.7',
182 silly addNameRange     '1.2.8',
182 silly addNameRange     '1.2.9',
182 silly addNameRange     '1.2.10',
182 silly addNameRange     '1.2.11',
182 silly addNameRange     '1.3.0',
182 silly addNameRange     '1.3.1',
182 silly addNameRange     '1.3.2',
182 silly addNameRange     '1.3.3',
182 silly addNameRange     '1.3.4',
182 silly addNameRange     '1.3.5',
182 silly addNameRange     '1.3.6',
182 silly addNameRange     '1.3.7',
182 silly addNameRange     '1.3.8',
182 silly addNameRange     '1.3.9',
182 silly addNameRange     '1.3.10',
182 silly addNameRange     '1.3.11',
182 silly addNameRange     '1.3.12',
182 silly addNameRange     '1.3.13',
182 silly addNameRange     '1.3.14',
182 silly addNameRange     '1.3.15',
182 silly addNameRange     '1.3.16',
182 silly addNameRange     '1.4.0' ] ]
183 silly addNamed canvas@1.1.6
184 verbose addNamed "1.1.6" is a plain semver version for canvas
185 silly cache afterAdd canvas@1.1.6
186 verbose afterAdd /Users/eleanorweigert/.npm/canvas/1.1.6/package/package.json not in flight; writing
187 verbose correctMkdir /Users/eleanorweigert/.npm correctMkdir not in flight; initializing
188 verbose afterAdd /Users/eleanorweigert/.npm/canvas/1.1.6/package/package.json written
189 silly install resolved [ { name: 'canvas',
189 silly install resolved     description: 'Canvas graphics API backed by Cairo',
189 silly install resolved     version: '1.1.6',
189 silly install resolved     author: { name: 'TJ Holowaychuk', email: 'tj@learnboost.com' },
189 silly install resolved     contributors: [ [Object], [Object], [Object] ],
189 silly install resolved     keywords:
189 silly install resolved      [ 'canvas',
189 silly install resolved        'graphic',
189 silly install resolved        'graphics',
189 silly install resolved        'pixman',
189 silly install resolved        'cairo',
189 silly install resolved        'image',
189 silly install resolved        'images',
189 silly install resolved        'pdf' ],
189 silly install resolved     homepage: 'https://github.com/learnboost/node-canvas',
189 silly install resolved     repository:
189 silly install resolved      { type: 'git',
189 silly install resolved        url: 'git://github.com/learnboost/node-canvas.git' },
189 silly install resolved     scripts: { test: 'make test', install: 'node-gyp rebuild' },
189 silly install resolved     dependencies: { nan: '~1.2.0' },
189 silly install resolved     devDependencies: { express: '3.0', jade: '0.28.1', mocha: '*', should: '*' },
189 silly install resolved     engines: { node: '>= 0.6.0' },
189 silly install resolved     main: './lib/canvas.js',
189 silly install resolved     gypfile: true,
189 silly install resolved     gitHead: '138abe9aa30b75e8406ceddd9177bff20ac44ceb',
189 silly install resolved     bugs: { url: 'https://github.com/learnboost/node-canvas/issues' },
189 silly install resolved     _id: 'canvas@1.1.6',
189 silly install resolved     _shasum: 'd84b088f3bcd3840fe14977cd3625f5fe89f81ee',
189 silly install resolved     _from: 'canvas@>=1.1.0 <1.2.0',
189 silly install resolved     _npmVersion: '1.4.21',
189 silly install resolved     _npmUser: { name: 'tootallnate', email: 'nathan@tootallnate.net' },
189 silly install resolved     maintainers: [ [Object], [Object], [Object], [Object] ],
189 silly install resolved     dist:
189 silly install resolved      { shasum: 'd84b088f3bcd3840fe14977cd3625f5fe89f81ee',
189 silly install resolved        tarball: 'https://registry.npmjs.org/canvas/-/canvas-1.1.6.tgz' },
189 silly install resolved     directories: {},
189 silly install resolved     _resolved: 'https://registry.npmjs.org/canvas/-/canvas-1.1.6.tgz',
189 silly install resolved     readme: 'ERROR: No README data found!' } ]
190 info install canvas@1.1.6 into /Users/eleanorweigert/Desktop/Hook/spotlight/node_modules/context-blender
191 info installOne canvas@1.1.6
192 verbose installOne of canvas to /Users/eleanorweigert/Desktop/Hook/spotlight/node_modules/context-blender not in flight; installing
193 verbose correctMkdir /Users/eleanorweigert/.npm/_locks correctMkdir not in flight; initializing
194 verbose lock using /Users/eleanorweigert/.npm/_locks/canvas-f91a0fe01e8284da.lock for /Users/eleanorweigert/Desktop/Hook/spotlight/node_modules/context-blender/node_modules/canvas
195 silly install write writing canvas 1.1.6 to /Users/eleanorweigert/Desktop/Hook/spotlight/node_modules/context-blender/node_modules/canvas
196 verbose unbuild node_modules/context-blender/node_modules/canvas
197 silly gentlyRm /Users/eleanorweigert/Desktop/Hook/spotlight/node_modules/context-blender/node_modules/canvas is being purged from base /Users/eleanorweigert/Desktop/Hook/spotlight
198 verbose gentlyRm don't care about contents; nuking /Users/eleanorweigert/Desktop/Hook/spotlight/node_modules/context-blender/node_modules/canvas
199 verbose tar unpack /Users/eleanorweigert/.npm/canvas/1.1.6/package.tgz
200 verbose tar unpacking to /Users/eleanorweigert/Desktop/Hook/spotlight/node_modules/context-blender/node_modules/canvas
201 silly gentlyRm /Users/eleanorweigert/Desktop/Hook/spotlight/node_modules/context-blender/node_modules/canvas is being purged
202 verbose gentlyRm don't care about contents; nuking /Users/eleanorweigert/Desktop/Hook/spotlight/node_modules/context-blender/node_modules/canvas
203 silly gunzTarPerm modes [ '755', '644' ]
204 silly gunzTarPerm extractEntry package.json
205 silly gunzTarPerm extractEntry .npmignore
206 silly gunzTarPerm extractEntry index.js
207 silly gunzTarPerm extractEntry History.md
208 silly gunzTarPerm extractEntry Makefile
209 silly gunzTarPerm extractEntry Readme.md
210 silly gunzTarPerm extractEntry binding.gyp
211 silly gunzTarPerm extractEntry .gitmodules
212 silly gunzTarPerm extractEntry install
213 silly gunzTarPerm extractEntry lib/bindings.js
214 silly gunzTarPerm extractEntry lib/canvas.js
215 silly gunzTarPerm extractEntry lib/context2d.js
216 silly gunzTarPerm extractEntry lib/image.js
217 silly gunzTarPerm extractEntry lib/jpegstream.js
218 silly gunzTarPerm extractEntry lib/pixelarray.js
219 silly gunzTarPerm extractEntry lib/pngstream.js
220 silly gunzTarPerm extractEntry src/Image.h
221 silly gunzTarPerm extractEntry src/Canvas.cc
222 silly gunzTarPerm extractEntry src/CanvasGradient.cc
223 silly gunzTarPerm extractEntry src/CanvasGradient.h
224 silly gunzTarPerm extractEntry src/CanvasPattern.cc
225 silly gunzTarPerm extractEntry src/CanvasPattern.h
226 silly gunzTarPerm extractEntry src/CanvasRenderingContext2d.cc
227 silly gunzTarPerm extractEntry src/CanvasRenderingContext2d.h
228 silly gunzTarPerm extractEntry src/FontFace.cc
229 silly gunzTarPerm extractEntry src/FontFace.h
230 silly gunzTarPerm extractEntry src/Image.cc
231 silly gunzTarPerm extractEntry src/Canvas.h
232 silly gunzTarPerm extractEntry src/ImageData.cc
233 silly gunzTarPerm extractEntry src/ImageData.h
234 silly gunzTarPerm extractEntry src/JPEGStream.h
235 silly gunzTarPerm extractEntry src/PNG.h
236 silly gunzTarPerm extractEntry src/PixelArray.cc
237 silly gunzTarPerm extractEntry src/PixelArray.h
238 silly gunzTarPerm extractEntry src/Point.h
239 silly gunzTarPerm extractEntry src/closure.h
240 silly gunzTarPerm extractEntry src/color.cc
241 silly gunzTarPerm extractEntry src/color.h
242 silly gunzTarPerm extractEntry src/init.cc
243 silly gunzTarPerm extractEntry .travis.yml
244 silly gunzTarPerm extractEntry util/cairo_include.sh
245 silly gunzTarPerm extractEntry util/has_cairo_freetype.sh
246 silly gunzTarPerm extractEntry util/has_lib.sh
247 silly gunzTarPerm extractEntry util/lib_lookup.sh
248 verbose write writing to /Users/eleanorweigert/Desktop/Hook/spotlight/node_modules/context-blender/node_modules/canvas/package.json
249 info preinstall canvas@1.1.6
250 verbose readDependencies loading dependencies from /Users/eleanorweigert/Desktop/Hook/spotlight/node_modules/context-blender/node_modules/canvas/package.json
251 silly prepareForInstallMany adding nan@~1.2.0 from canvas dependencies
252 verbose readDependencies loading dependencies from /Users/eleanorweigert/Desktop/Hook/spotlight/node_modules/context-blender/node_modules/canvas/package.json
253 silly cache add args [ 'nan@~1.2.0', null ]
254 verbose cache add spec nan@~1.2.0
255 silly cache add parsed spec Result {
255 silly cache add   raw: 'nan@~1.2.0',
255 silly cache add   scope: null,
255 silly cache add   name: 'nan',
255 silly cache add   rawSpec: '~1.2.0',
255 silly cache add   spec: '>=1.2.0 <1.3.0',
255 silly cache add   type: 'range' }
256 silly addNamed nan@>=1.2.0 <1.3.0
257 verbose addNamed ">=1.2.0 <1.3.0" is a valid semver range for nan
258 silly addNameRange { name: 'nan', range: '>=1.2.0 <1.3.0', hasData: false }
259 silly mapToRegistry name nan
260 silly mapToRegistry using default registry
261 silly mapToRegistry registry https://registry.npmjs.org/
262 silly mapToRegistry uri https://registry.npmjs.org/nan
263 verbose addNameRange registry:https://registry.npmjs.org/nan not in flight; fetching
264 verbose request uri https://registry.npmjs.org/nan
265 verbose request no auth needed
266 info attempt registry request try #1 at 4:01:04 PM
267 verbose etag "2POVJEDCD6LOO0Y53S1HJ4UMJ"
268 http request GET https://registry.npmjs.org/nan
269 http 304 https://registry.npmjs.org/nan
270 verbose headers { date: 'Fri, 15 Jul 2016 23:01:04 GMT',
270 verbose headers   via: '1.1 varnish',
270 verbose headers   'cache-control': 'max-age=300',
270 verbose headers   etag: '"2POVJEDCD6LOO0Y53S1HJ4UMJ"',
270 verbose headers   age: '251',
270 verbose headers   connection: 'keep-alive',
270 verbose headers   'x-served-by': 'cache-sea1926-SEA',
270 verbose headers   'x-cache': 'HIT',
270 verbose headers   'x-cache-hits': '19',
270 verbose headers   'x-timer': 'S1468623664.310077,VS0,VE0',
270 verbose headers   vary: 'Accept-Encoding' }
271 silly get cb [ 304,
271 silly get   { date: 'Fri, 15 Jul 2016 23:01:04 GMT',
271 silly get     via: '1.1 varnish',
271 silly get     'cache-control': 'max-age=300',
271 silly get     etag: '"2POVJEDCD6LOO0Y53S1HJ4UMJ"',
271 silly get     age: '251',
271 silly get     connection: 'keep-alive',
271 silly get     'x-served-by': 'cache-sea1926-SEA',
271 silly get     'x-cache': 'HIT',
271 silly get     'x-cache-hits': '19',
271 silly get     'x-timer': 'S1468623664.310077,VS0,VE0',
271 silly get     vary: 'Accept-Encoding' } ]
272 verbose etag https://registry.npmjs.org/nan from cache
273 verbose get saving nan to /Users/eleanorweigert/.npm/registry.npmjs.org/nan/.cache.json
274 verbose correctMkdir /Users/eleanorweigert/.npm correctMkdir not in flight; initializing
275 silly addNameRange number 2 { name: 'nan', range: '>=1.2.0 <1.3.0', hasData: true }
276 silly addNameRange versions [ 'nan',
276 silly addNameRange   [ '0.3.0-wip',
276 silly addNameRange     '0.3.0-wip2',
276 silly addNameRange     '0.3.0',
276 silly addNameRange     '0.3.1',
276 silly addNameRange     '0.3.2',
276 silly addNameRange     '0.4.0',
276 silly addNameRange     '0.4.1',
276 silly addNameRange     '0.4.2',
276 silly addNameRange     '0.4.3',
276 silly addNameRange     '0.4.4',
276 silly addNameRange     '0.5.0',
276 silly addNameRange     '0.5.1',
276 silly addNameRange     '0.5.2',
276 silly addNameRange     '0.6.0',
276 silly addNameRange     '0.7.0',
276 silly addNameRange     '0.7.1',
276 silly addNameRange     '0.8.0',
276 silly addNameRange     '1.0.0',
276 silly addNameRange     '1.1.0',
276 silly addNameRange     '1.1.1',
276 silly addNameRange     '1.1.2',
276 silly addNameRange     '1.2.0',
276 silly addNameRange     '1.3.0',
276 silly addNameRange     '1.4.0',
276 silly addNameRange     '1.4.1',
276 silly addNameRange     '1.5.0',
276 silly addNameRange     '1.4.2',
276 silly addNameRange     '1.4.3',
276 silly addNameRange     '1.5.1',
276 silly addNameRange     '1.5.2',
276 silly addNameRange     '1.6.0',
276 silly addNameRange     '1.5.3',
276 silly addNameRange     '1.6.1',
276 silly addNameRange     '1.6.2',
276 silly addNameRange     '1.7.0',
276 silly addNameRange     '1.8.0',
276 silly addNameRange     '1.8.1',
276 silly addNameRange     '1.8.2',
276 silly addNameRange     '1.8.3',
276 silly addNameRange     '1.8.4',
276 silly addNameRange     '1.9.0',
276 silly addNameRange     '2.0.0',
276 silly addNameRange     '2.0.1',
276 silly addNameRange     '2.0.2',
276 silly addNameRange     '2.0.3',
276 silly addNameRange     '2.0.4',
276 silly addNameRange     '2.0.5',
276 silly addNameRange     '2.0.6',
276 silly addNameRange     '2.0.7',
276 silly addNameRange     '2.0.8',
276 silly addNameRange     '2.0.9',
276 silly addNameRange     '2.1.0',
276 silly addNameRange     '2.2.0',
276 silly addNameRange     '2.2.1',
276 silly addNameRange     '2.3.0',
276 silly addNameRange     '2.3.1',
276 silly addNameRange     '2.3.2',
276 silly addNameRange     '2.3.3',
276 silly addNameRange     '2.3.4',
276 silly addNameRange     '2.3.5',
276 silly addNameRange     '2.4.0' ] ]
277 silly addNamed nan@1.2.0
278 verbose addNamed "1.2.0" is a plain semver version for nan
279 silly cache afterAdd nan@1.2.0
280 verbose afterAdd /Users/eleanorweigert/.npm/nan/1.2.0/package/package.json not in flight; writing
281 verbose correctMkdir /Users/eleanorweigert/.npm correctMkdir not in flight; initializing
282 verbose afterAdd /Users/eleanorweigert/.npm/nan/1.2.0/package/package.json written
283 silly install resolved [ { name: 'nan',
283 silly install resolved     version: '1.2.0',
283 silly install resolved     description: 'Native Abstractions for Node.js: C++ header for Node 0.8->0.12 compatibility',
283 silly install resolved     main: 'include_dirs.js',
283 silly install resolved     repository: { type: 'git', url: 'git://github.com/rvagg/nan.git' },
283 silly install resolved     contributors: [ [Object], [Object], [Object], [Object], [Object], [Object] ],
283 silly install resolved     license: 'MIT',
283 silly install resolved     bugs: { url: 'https://github.com/rvagg/nan/issues' },
283 silly install resolved     homepage: 'https://github.com/rvagg/nan',
283 silly install resolved     _id: 'nan@1.2.0',
283 silly install resolved     dist:
283 silly install resolved      { shasum: '9c4d63ce9e4f8e95de2d574e18f7925554a8a8ef',
283 silly install resolved        tarball: 'https://registry.npmjs.org/nan/-/nan-1.2.0.tgz' },
283 silly install resolved     _from: 'nan@>=1.2.0 <1.3.0',
283 silly install resolved     _npmVersion: '1.4.3',
283 silly install resolved     _npmUser: { name: 'rvagg', email: 'rod@vagg.org' },
283 silly install resolved     maintainers: [ [Object] ],
283 silly install resolved     directories: {},
283 silly install resolved     _shasum: '9c4d63ce9e4f8e95de2d574e18f7925554a8a8ef',
283 silly install resolved     _resolved: 'https://registry.npmjs.org/nan/-/nan-1.2.0.tgz',
283 silly install resolved     readme: 'ERROR: No README data found!' } ]
284 info install nan@1.2.0 into /Users/eleanorweigert/Desktop/Hook/spotlight/node_modules/context-blender/node_modules/canvas
285 info installOne nan@1.2.0
286 verbose installOne of nan to /Users/eleanorweigert/Desktop/Hook/spotlight/node_modules/context-blender/node_modules/canvas not in flight; installing
287 verbose correctMkdir /Users/eleanorweigert/.npm/_locks correctMkdir not in flight; initializing
288 verbose lock using /Users/eleanorweigert/.npm/_locks/nan-6c18ec574f29aece.lock for /Users/eleanorweigert/Desktop/Hook/spotlight/node_modules/context-blender/node_modules/canvas/node_modules/nan
289 silly install write writing nan 1.2.0 to /Users/eleanorweigert/Desktop/Hook/spotlight/node_modules/context-blender/node_modules/canvas/node_modules/nan
290 verbose unbuild node_modules/context-blender/node_modules/canvas/node_modules/nan
291 silly gentlyRm /Users/eleanorweigert/Desktop/Hook/spotlight/node_modules/context-blender/node_modules/canvas/node_modules/nan is being purged from base /Users/eleanorweigert/Desktop/Hook/spotlight
292 verbose gentlyRm don't care about contents; nuking /Users/eleanorweigert/Desktop/Hook/spotlight/node_modules/context-blender/node_modules/canvas/node_modules/nan
293 verbose tar unpack /Users/eleanorweigert/.npm/nan/1.2.0/package.tgz
294 verbose tar unpacking to /Users/eleanorweigert/Desktop/Hook/spotlight/node_modules/context-blender/node_modules/canvas/node_modules/nan
295 silly gentlyRm /Users/eleanorweigert/Desktop/Hook/spotlight/node_modules/context-blender/node_modules/canvas/node_modules/nan is being purged
296 verbose gentlyRm don't care about contents; nuking /Users/eleanorweigert/Desktop/Hook/spotlight/node_modules/context-blender/node_modules/canvas/node_modules/nan
297 silly gunzTarPerm modes [ '755', '644' ]
298 silly gunzTarPerm extractEntry package.json
299 silly gunzTarPerm extractEntry README.md
300 silly gunzTarPerm extractEntry LICENSE
301 silly gunzTarPerm extractEntry include_dirs.js
302 silly gunzTarPerm extractEntry .dntrc
303 silly gunzTarPerm extractEntry build/config.gypi
304 silly gunzTarPerm extractEntry nan.h
305 verbose write writing to /Users/eleanorweigert/Desktop/Hook/spotlight/node_modules/context-blender/node_modules/canvas/node_modules/nan/package.json
306 info preinstall nan@1.2.0
307 verbose readDependencies loading dependencies from /Users/eleanorweigert/Desktop/Hook/spotlight/node_modules/context-blender/node_modules/canvas/node_modules/nan/package.json
308 verbose readDependencies loading dependencies from /Users/eleanorweigert/Desktop/Hook/spotlight/node_modules/context-blender/node_modules/canvas/node_modules/nan/package.json
309 silly install resolved []
310 verbose about to build /Users/eleanorweigert/Desktop/Hook/spotlight/node_modules/context-blender/node_modules/canvas/node_modules/nan
311 info build /Users/eleanorweigert/Desktop/Hook/spotlight/node_modules/context-blender/node_modules/canvas/node_modules/nan
312 info linkStuff nan@1.2.0
313 silly linkStuff nan@1.2.0 has /Users/eleanorweigert/Desktop/Hook/spotlight/node_modules/context-blender/node_modules/canvas/node_modules as its parent node_modules
314 verbose linkBins nan@1.2.0
315 verbose linkMans nan@1.2.0
316 verbose rebuildBundles nan@1.2.0
317 info install nan@1.2.0
318 info postinstall nan@1.2.0
319 verbose unlock done using /Users/eleanorweigert/.npm/_locks/nan-6c18ec574f29aece.lock for /Users/eleanorweigert/Desktop/Hook/spotlight/node_modules/context-blender/node_modules/canvas/node_modules/nan
320 verbose about to build /Users/eleanorweigert/Desktop/Hook/spotlight/node_modules/context-blender/node_modules/canvas
321 info build /Users/eleanorweigert/Desktop/Hook/spotlight/node_modules/context-blender/node_modules/canvas
322 info linkStuff canvas@1.1.6
323 silly linkStuff canvas@1.1.6 has /Users/eleanorweigert/Desktop/Hook/spotlight/node_modules/context-blender/node_modules as its parent node_modules
324 verbose linkBins canvas@1.1.6
325 verbose linkMans canvas@1.1.6
326 verbose rebuildBundles canvas@1.1.6
327 verbose rebuildBundles [ 'nan' ]
328 info install canvas@1.1.6
329 verbose unsafe-perm in lifecycle true
330 info canvas@1.1.6 Failed to exec install script
331 verbose unlock done using /Users/eleanorweigert/.npm/_locks/canvas-f91a0fe01e8284da.lock for /Users/eleanorweigert/Desktop/Hook/spotlight/node_modules/context-blender/node_modules/canvas
332 verbose about to build /Users/eleanorweigert/Desktop/Hook/spotlight/node_modules/context-blender
333 verbose unlock done using /Users/eleanorweigert/.npm/_locks/context-blender-bbe3fdf632819ca3.lock for /Users/eleanorweigert/Desktop/Hook/spotlight/node_modules/context-blender
334 verbose stack Error: canvas@1.1.6 install: `node-gyp rebuild`
334 verbose stack Exit status 1
334 verbose stack     at EventEmitter.<anonymous> (/usr/local/lib/node_modules/npm/lib/utils/lifecycle.js:214:16)
334 verbose stack     at emitTwo (events.js:87:13)
334 verbose stack     at EventEmitter.emit (events.js:172:7)
334 verbose stack     at ChildProcess.<anonymous> (/usr/local/lib/node_modules/npm/lib/utils/spawn.js:24:14)
334 verbose stack     at emitTwo (events.js:87:13)
334 verbose stack     at ChildProcess.emit (events.js:172:7)
334 verbose stack     at maybeClose (internal/child_process.js:827:16)
334 verbose stack     at Process.ChildProcess._handle.onexit (internal/child_process.js:211:5)
335 verbose pkgid canvas@1.1.6
336 verbose cwd /Users/eleanorweigert/Desktop/Hook/spotlight
337 error Darwin 15.5.0
338 error argv "/usr/local/bin/node" "/usr/local/bin/npm" "install" "--save" "context-blender"
339 error node v4.4.0
340 error npm  v2.14.20
341 error code ELIFECYCLE
342 error canvas@1.1.6 install: `node-gyp rebuild`
342 error Exit status 1
343 error Failed at the canvas@1.1.6 install script 'node-gyp rebuild'.
343 error This is most likely a problem with the canvas package,
343 error not with npm itself.
343 error Tell the author that this fails on your system:
343 error     node-gyp rebuild
343 error You can get information on how to open an issue for this project with:
343 error     npm bugs canvas
343 error Or if that isn't available, you can get their info via:
343 error
343 error     npm owner ls canvas
343 error There is likely additional logging output above.
344 verbose exit [ 1, true ]
345 verbose unbuild node_modules/context-blender/node_modules/canvas
346 info preuninstall canvas@1.1.6
347 info uninstall canvas@1.1.6
348 verbose unbuild rmStuff canvas@1.1.6 from /Users/eleanorweigert/Desktop/Hook/spotlight/node_modules
349 verbose unbuild rmStuff in /Users/eleanorweigert/Desktop/Hook/spotlight/node_modules/context-blender/node_modules
350 info postuninstall canvas@1.1.6
351 silly gentlyRm /Users/eleanorweigert/Desktop/Hook/spotlight/node_modules/context-blender/node_modules/canvas is being purged from base /Users/eleanorweigert/Desktop/Hook/spotlight
352 verbose gentlyRm don't care about contents; nuking /Users/eleanorweigert/Desktop/Hook/spotlight/node_modules/context-blender/node_modules/canvas
353 silly vacuum-fs purging /Users/eleanorweigert/Desktop/Hook/spotlight/node_modules/context-blender/node_modules/canvas
354 silly vacuum-fs removing /Users/eleanorweigert/Desktop/Hook/spotlight/node_modules/context-blender/node_modules
355 silly vacuum-fs quitting because other entries in /Users/eleanorweigert/Desktop/Hook/spotlight/node_modules/context-blender
356 verbose unbuild node_modules/context-blender
357 info preuninstall context-blender@1.3.3
358 info uninstall context-blender@1.3.3
359 verbose unbuild rmStuff context-blender@1.3.3 from /Users/eleanorweigert/Desktop/Hook/spotlight/node_modules
360 info postuninstall context-blender@1.3.3
361 silly gentlyRm /Users/eleanorweigert/Desktop/Hook/spotlight/node_modules/context-blender is being purged from base /Users/eleanorweigert/Desktop/Hook/spotlight
362 verbose gentlyRm don't care about contents; nuking /Users/eleanorweigert/Desktop/Hook/spotlight/node_modules/context-blender
363 silly vacuum-fs purging /Users/eleanorweigert/Desktop/Hook/spotlight/node_modules/context-blender
364 silly vacuum-fs quitting because other entries in /Users/eleanorweigert/Desktop/Hook/spotlight/node_modules
